2025-11-04T13:17:33.244+05:30  INFO 10712 --- [Learning_Management_System] [restartedMain] .L.L.LearningManagementSystemApplication : Starting LearningManagementSystemApplication using Java 23.0.1 with PID 10712 (E:\Learning_Management_System-main\Learning_Management_System-main\target\classes started by Dell in E:\Learning_Management_System-main\Learning_Management_System-main)
2025-11-04T13:17:33.248+05:30 DEBUG 10712 --- [Learning_Management_System] [restartedMain] .L.L.LearningManagementSystemApplication : Running with Spring Boot v3.4.0, Spring v6.2.0
2025-11-04T13:17:33.256+05:30  INFO 10712 --- [Learning_Management_System] [restartedMain] .L.L.LearningManagementSystemApplication : No active profile set, falling back to 1 default profile: "default"
2025-11-04T13:17:33.339+05:30  INFO 10712 --- [Learning_Management_System] [restartedMain] .e.DevToolsPropertyDefaultsPostProcessor : Devtools property defaults active! Set 'spring.devtools.add-properties' to 'false' to disable
2025-11-04T13:17:33.339+05:30  INFO 10712 --- [Learning_Management_System] [restartedMain] .e.DevToolsPropertyDefaultsPostProcessor : For additional web related logging consider setting the 'logging.level.web' property to 'DEBUG'
2025-11-04T13:17:35.226+05:30  INFO 10712 --- [Learning_Management_System] [restartedMain] .s.d.r.c.RepositoryConfigurationDelegate : Bootstrapping Spring Data JPA repositories in DEFAULT mode.
2025-11-04T13:17:35.393+05:30  INFO 10712 --- [Learning_Management_System] [restartedMain] .s.d.r.c.RepositoryConfigurationDelegate : Finished Spring Data repository scanning in 147 ms. Found 17 JPA repository interfaces.
2025-11-04T13:17:37.394+05:30  INFO 10712 --- [Learning_Management_System] [restartedMain] o.s.b.w.embedded.tomcat.TomcatWebServer  : Tomcat initialized with port 8484 (http)
2025-11-04T13:17:37.417+05:30  INFO 10712 --- [Learning_Management_System] [restartedMain] o.apache.catalina.core.StandardService   : Starting service [Tomcat]
2025-11-04T13:17:37.418+05:30  INFO 10712 --- [Learning_Management_System] [restartedMain] o.apache.catalina.core.StandardEngine    : Starting Servlet engine: [Apache Tomcat/10.1.33]
2025-11-04T13:17:37.508+05:30  INFO 10712 --- [Learning_Management_System] [restartedMain] o.a.c.c.C.[Tomcat].[localhost].[/]       : Initializing Spring embedded WebApplicationContext
2025-11-04T13:17:37.509+05:30  INFO 10712 --- [Learning_Management_System] [restartedMain] w.s.c.ServletWebServerApplicationContext : Root WebApplicationContext: initialization completed in 4170 ms
2025-11-04T13:17:37.914+05:30  INFO 10712 --- [Learning_Management_System] [restartedMain] o.hibernate.jpa.internal.util.LogHelper  : HHH000204: Processing PersistenceUnitInfo [name: default]
2025-11-04T13:17:37.987+05:30  INFO 10712 --- [Learning_Management_System] [restartedMain] org.hibernate.Version                    : HHH000412: Hibernate ORM core version 6.6.2.Final
2025-11-04T13:17:38.026+05:30  INFO 10712 --- [Learning_Management_System] [restartedMain] o.h.c.internal.RegionFactoryInitiator    : HHH000026: Second-level cache disabled
2025-11-04T13:17:38.434+05:30  INFO 10712 --- [Learning_Management_System] [restartedMain] o.s.o.j.p.SpringPersistenceUnitInfo      : No LoadTimeWeaver setup: ignoring JPA class transformer
2025-11-04T13:17:38.479+05:30  INFO 10712 --- [Learning_Management_System] [restartedMain] com.zaxxer.hikari.HikariDataSource       : HikariPool-1 - Starting...
2025-11-04T13:17:38.710+05:30  INFO 10712 --- [Learning_Management_System] [restartedMain] com.zaxxer.hikari.pool.HikariPool        : HikariPool-1 - Added connection com.mysql.cj.jdbc.ConnectionImpl@38645215
2025-11-04T13:17:38.712+05:30  INFO 10712 --- [Learning_Management_System] [restartedMain] com.zaxxer.hikari.HikariDataSource       : HikariPool-1 - Start completed.
2025-11-04T13:17:38.789+05:30  WARN 10712 --- [Learning_Management_System] [restartedMain] org.hibernate.orm.deprecation            : HHH90000025: MySQLDialect does not need to be specified explicitly using 'hibernate.dialect' (remove the property setting and it will be selected by default)
2025-11-04T13:17:38.825+05:30  INFO 10712 --- [Learning_Management_System] [restartedMain] org.hibernate.orm.connections.pooling    : HHH10001005: Database info:
	Database JDBC URL [Connecting through datasource 'HikariDataSource (HikariPool-1)']
	Database driver: undefined/unknown
	Database version: 8.0.40
	Autocommit mode: undefined/unknown
	Isolation level: undefined/unknown
	Minimum pool size: undefined/unknown
	Maximum pool size: undefined/unknown
2025-11-04T13:17:40.427+05:30  INFO 10712 --- [Learning_Management_System] [restartedMain] o.h.e.t.j.p.i.JtaPlatformInitiator       : HHH000489: No JTA platform available (set 'hibernate.transaction.jta.platform' to enable JTA platform integration)
2025-11-04T13:17:40.628+05:30  INFO 10712 --- [Learning_Management_System] [restartedMain] j.LocalContainerEntityManagerFactoryBean : Initialized JPA EntityManagerFactory for persistence unit 'default'
2025-11-04T13:17:41.159+05:30  INFO 10712 --- [Learning_Management_System] [restartedMain] o.s.d.j.r.query.QueryEnhancerFactory     : Hibernate is in classpath; If applicable, HQL parser will be used.
2025-11-04T13:17:43.055+05:30  INFO 10712 --- [Learning_Management_System] [restartedMain] c.L.L.controller.AssignmentController    : AssignmentController initialized successfully.
2025-11-04T13:17:43.108+05:30  INFO 10712 --- [Learning_Management_System] [restartedMain] c.L.L.service.impl.UsersServiceImpl      : UsersServiceImpl initialized successfully
2025-11-04T13:17:43.109+05:30  INFO 10712 --- [Learning_Management_System] [restartedMain] c.L.L.controller.AuthController          : AuthController initialized successfully.
2025-11-04T13:17:43.120+05:30  INFO 10712 --- [Learning_Management_System] [restartedMain] c.L.L.s.impl.EnrollmentServiceImpl       : EnrollmentServiceImpl initialized successfully.
2025-11-04T13:17:43.122+05:30  INFO 10712 --- [Learning_Management_System] [restartedMain] c.L.L.service.impl.CourseServiceImpl     : CourseServiceImpl initialized successfully
2025-11-04T13:17:43.123+05:30  INFO 10712 --- [Learning_Management_System] [restartedMain] c.L.L.controller.CourseController        : CourseController initialized successfully.
2025-11-04T13:17:43.126+05:30  INFO 10712 --- [Learning_Management_System] [restartedMain] c.L.L.controller.EnrollmentController    : ✅ EnrollmentController initialized successfully.
2025-11-04T13:17:43.129+05:30  INFO 10712 --- [Learning_Management_System] [restartedMain] c.L.L.s.impl.InstructorServiceImpl       : InstructorServiceImpl initialized successfully.
2025-11-04T13:17:43.130+05:30  INFO 10712 --- [Learning_Management_System] [restartedMain] c.L.L.controller.InstructorController    : InstructorController initialized
2025-11-04T13:17:43.169+05:30  INFO 10712 --- [Learning_Management_System] [restartedMain] c.L.L.controller.LessonController        : LessonController initialized successfully
2025-11-04T13:17:43.735+05:30  INFO 10712 --- [Learning_Management_System] [restartedMain] c.L.L.service.impl.StudentServiceImpl    : StudentServiceImpl initialized successfully.
2025-11-04T13:17:43.738+05:30  INFO 10712 --- [Learning_Management_System] [restartedMain] c.L.L.s.i.CustomUserDetailsServiceImpl   : CustomUserDetailsServiceImpl initialized successfully.
2025-11-04T13:17:43.740+05:30  INFO 10712 --- [Learning_Management_System] [restartedMain] c.L.L.service.impl.UsersTypeServiceImpl  : UsersTypeServiceImpl initialized successfully
2025-11-04T13:17:43.944+05:30  WARN 10712 --- [Learning_Management_System] [restartedMain] JpaBaseConfiguration$JpaWebConfiguration : spring.jpa.open-in-view is enabled by default. Therefore, database queries may be performed during view rendering. Explicitly configure spring.jpa.open-in-view to disable this warning
2025-11-04T13:17:44.010+05:30  INFO 10712 --- [Learning_Management_System] [restartedMain] r$InitializeUserDetailsManagerConfigurer : Global AuthenticationManager configured with UserDetailsService bean with name inMemoryUserDetailsManager
2025-11-04T13:17:44.969+05:30  INFO 10712 --- [Learning_Management_System] [restartedMain] o.s.b.d.a.OptionalLiveReloadServer       : LiveReload server is running on port 35729
2025-11-04T13:17:45.021+05:30  INFO 10712 --- [Learning_Management_System] [restartedMain] o.s.b.w.embedded.tomcat.TomcatWebServer  : Tomcat started on port 8484 (http) with context path '/'
2025-11-04T13:17:45.038+05:30  INFO 10712 --- [Learning_Management_System] [restartedMain] .L.L.LearningManagementSystemApplication : Started LearningManagementSystemApplication in 12.511 seconds (process running for 13.336)
2025-11-04T13:27:33.382+05:30  INFO 10712 --- [Learning_Management_System] [SpringApplicationShutdownHook] o.s.b.w.e.tomcat.GracefulShutdown        : Commencing graceful shutdown. Waiting for active requests to complete
2025-11-04T13:27:33.392+05:30  INFO 10712 --- [Learning_Management_System] [tomcat-shutdown] o.s.b.w.e.tomcat.GracefulShutdown        : Graceful shutdown complete
2025-11-04T13:27:33.401+05:30  INFO 10712 --- [Learning_Management_System] [SpringApplicationShutdownHook] j.LocalContainerEntityManagerFactoryBean : Closing JPA EntityManagerFactory for persistence unit 'default'
2025-11-04T13:27:33.406+05:30  INFO 10712 --- [Learning_Management_System] [SpringApplicationShutdownHook] com.zaxxer.hikari.HikariDataSource       : HikariPool-1 - Shutdown initiated...
2025-11-04T13:27:33.415+05:30  INFO 10712 --- [Learning_Management_System] [SpringApplicationShutdownHook] com.zaxxer.hikari.HikariDataSource       : HikariPool-1 - Shutdown completed.
2025-11-04T13:28:57.422+05:30  INFO 20676 --- [Learning_Management_System] [restartedMain] .L.L.LearningManagementSystemApplication : Starting LearningManagementSystemApplication using Java 23.0.1 with PID 20676 (E:\Learning_Management_System-main\Learning_Management_System-main\target\classes started by Dell in E:\Learning_Management_System-main\Learning_Management_System-main)
2025-11-04T13:28:57.424+05:30 DEBUG 20676 --- [Learning_Management_System] [restartedMain] .L.L.LearningManagementSystemApplication : Running with Spring Boot v3.5.7, Spring v6.2.12
2025-11-04T13:28:57.426+05:30  INFO 20676 --- [Learning_Management_System] [restartedMain] .L.L.LearningManagementSystemApplication : No active profile set, falling back to 1 default profile: "default"
2025-11-04T13:28:57.529+05:30  INFO 20676 --- [Learning_Management_System] [restartedMain] .e.DevToolsPropertyDefaultsPostProcessor : Devtools property defaults active! Set 'spring.devtools.add-properties' to 'false' to disable
2025-11-04T13:28:57.530+05:30  INFO 20676 --- [Learning_Management_System] [restartedMain] .e.DevToolsPropertyDefaultsPostProcessor : For additional web related logging consider setting the 'logging.level.web' property to 'DEBUG'
2025-11-04T13:28:59.953+05:30  INFO 20676 --- [Learning_Management_System] [restartedMain] .s.d.r.c.RepositoryConfigurationDelegate : Bootstrapping Spring Data JPA repositories in DEFAULT mode.
2025-11-04T13:29:00.115+05:30  INFO 20676 --- [Learning_Management_System] [restartedMain] .s.d.r.c.RepositoryConfigurationDelegate : Finished Spring Data repository scanning in 150 ms. Found 17 JPA repository interfaces.
2025-11-04T13:29:01.071+05:30  INFO 20676 --- [Learning_Management_System] [restartedMain] o.s.b.w.embedded.tomcat.TomcatWebServer  : Tomcat initialized with port 8484 (http)
2025-11-04T13:29:01.092+05:30  INFO 20676 --- [Learning_Management_System] [restartedMain] o.apache.catalina.core.StandardService   : Starting service [Tomcat]
2025-11-04T13:29:01.092+05:30  INFO 20676 --- [Learning_Management_System] [restartedMain] o.apache.catalina.core.StandardEngine    : Starting Servlet engine: [Apache Tomcat/10.1.48]
2025-11-04T13:29:01.169+05:30  INFO 20676 --- [Learning_Management_System] [restartedMain] o.a.c.c.C.[Tomcat].[localhost].[/]       : Initializing Spring embedded WebApplicationContext
2025-11-04T13:29:01.172+05:30  INFO 20676 --- [Learning_Management_System] [restartedMain] w.s.c.ServletWebServerApplicationContext : Root WebApplicationContext: initialization completed in 3640 ms
2025-11-04T13:29:01.470+05:30  INFO 20676 --- [Learning_Management_System] [restartedMain] o.hibernate.jpa.internal.util.LogHelper  : HHH000204: Processing PersistenceUnitInfo [name: default]
2025-11-04T13:29:01.556+05:30  INFO 20676 --- [Learning_Management_System] [restartedMain] org.hibernate.Version                    : HHH000412: Hibernate ORM core version 6.6.33.Final
2025-11-04T13:29:01.609+05:30  INFO 20676 --- [Learning_Management_System] [restartedMain] o.h.c.internal.RegionFactoryInitiator    : HHH000026: Second-level cache disabled
2025-11-04T13:29:02.713+05:30  INFO 20676 --- [Learning_Management_System] [restartedMain] o.s.o.j.p.SpringPersistenceUnitInfo      : No LoadTimeWeaver setup: ignoring JPA class transformer
2025-11-04T13:29:02.760+05:30  INFO 20676 --- [Learning_Management_System] [restartedMain] com.zaxxer.hikari.HikariDataSource       : HikariPool-1 - Starting...
2025-11-04T13:29:02.980+05:30  INFO 20676 --- [Learning_Management_System] [restartedMain] com.zaxxer.hikari.pool.HikariPool        : HikariPool-1 - Added connection com.mysql.cj.jdbc.ConnectionImpl@6dac06f8
2025-11-04T13:29:02.982+05:30  INFO 20676 --- [Learning_Management_System] [restartedMain] com.zaxxer.hikari.HikariDataSource       : HikariPool-1 - Start completed.
2025-11-04T13:29:03.043+05:30  WARN 20676 --- [Learning_Management_System] [restartedMain] org.hibernate.orm.deprecation            : HHH90000025: MySQLDialect does not need to be specified explicitly using 'hibernate.dialect' (remove the property setting and it will be selected by default)
2025-11-04T13:29:03.067+05:30  INFO 20676 --- [Learning_Management_System] [restartedMain] org.hibernate.orm.connections.pooling    : HHH10001005: Database info:
	Database JDBC URL [Connecting through datasource 'HikariDataSource (HikariPool-1)']
	Database driver: undefined/unknown
	Database version: 8.0.40
	Autocommit mode: undefined/unknown
	Isolation level: undefined/unknown
	Minimum pool size: undefined/unknown
	Maximum pool size: undefined/unknown
2025-11-04T13:29:04.265+05:30  INFO 20676 --- [Learning_Management_System] [restartedMain] o.h.e.t.j.p.i.JtaPlatformInitiator       : HHH000489: No JTA platform available (set 'hibernate.transaction.jta.platform' to enable JTA platform integration)
2025-11-04T13:29:04.454+05:30  INFO 20676 --- [Learning_Management_System] [restartedMain] j.LocalContainerEntityManagerFactoryBean : Initialized JPA EntityManagerFactory for persistence unit 'default'
2025-11-04T13:29:04.971+05:30  INFO 20676 --- [Learning_Management_System] [restartedMain] o.s.d.j.r.query.QueryEnhancerFactory     : Hibernate is in classpath; If applicable, HQL parser will be used.
2025-11-04T13:29:05.905+05:30  INFO 20676 --- [Learning_Management_System] [restartedMain] c.L.L.controller.AssignmentController    : AssignmentController initialized successfully.
2025-11-04T13:29:05.947+05:30  INFO 20676 --- [Learning_Management_System] [restartedMain] c.L.L.service.impl.UsersServiceImpl      : UsersServiceImpl initialized successfully
2025-11-04T13:29:05.948+05:30  INFO 20676 --- [Learning_Management_System] [restartedMain] c.L.L.controller.AuthController          : AuthController initialized successfully.
2025-11-04T13:29:05.956+05:30  INFO 20676 --- [Learning_Management_System] [restartedMain] c.L.L.s.impl.EnrollmentServiceImpl       : EnrollmentServiceImpl initialized successfully.
2025-11-04T13:29:05.959+05:30  INFO 20676 --- [Learning_Management_System] [restartedMain] c.L.L.service.impl.CourseServiceImpl     : CourseServiceImpl initialized successfully
2025-11-04T13:29:05.960+05:30  INFO 20676 --- [Learning_Management_System] [restartedMain] c.L.L.controller.CourseController        : CourseController initialized successfully.
2025-11-04T13:29:05.963+05:30  INFO 20676 --- [Learning_Management_System] [restartedMain] c.L.L.controller.EnrollmentController    : ✅ EnrollmentController initialized successfully.
2025-11-04T13:29:05.966+05:30  INFO 20676 --- [Learning_Management_System] [restartedMain] c.L.L.s.impl.InstructorServiceImpl       : InstructorServiceImpl initialized successfully.
2025-11-04T13:29:05.968+05:30  INFO 20676 --- [Learning_Management_System] [restartedMain] c.L.L.controller.InstructorController    : InstructorController initialized
2025-11-04T13:29:06.003+05:30  INFO 20676 --- [Learning_Management_System] [restartedMain] c.L.L.controller.LessonController        : LessonController initialized successfully
2025-11-04T13:29:06.315+05:30  INFO 20676 --- [Learning_Management_System] [restartedMain] c.L.L.service.impl.StudentServiceImpl    : StudentServiceImpl initialized successfully.
2025-11-04T13:29:06.317+05:30  INFO 20676 --- [Learning_Management_System] [restartedMain] c.L.L.s.i.CustomUserDetailsServiceImpl   : CustomUserDetailsServiceImpl initialized successfully.
2025-11-04T13:29:06.318+05:30  INFO 20676 --- [Learning_Management_System] [restartedMain] c.L.L.service.impl.UsersTypeServiceImpl  : UsersTypeServiceImpl initialized successfully
2025-11-04T13:29:06.487+05:30  WARN 20676 --- [Learning_Management_System] [restartedMain] JpaBaseConfiguration$JpaWebConfiguration : spring.jpa.open-in-view is enabled by default. Therefore, database queries may be performed during view rendering. Explicitly configure spring.jpa.open-in-view to disable this warning
2025-11-04T13:29:06.802+05:30  INFO 20676 --- [Learning_Management_System] [restartedMain] r$InitializeUserDetailsManagerConfigurer : Global AuthenticationManager configured with UserDetailsService bean with name inMemoryUserDetailsManager
2025-11-04T13:29:07.277+05:30  INFO 20676 --- [Learning_Management_System] [restartedMain] o.s.b.d.a.OptionalLiveReloadServer       : LiveReload server is running on port 35729
2025-11-04T13:29:07.314+05:30  INFO 20676 --- [Learning_Management_System] [restartedMain] o.s.b.w.embedded.tomcat.TomcatWebServer  : Tomcat started on port 8484 (http) with context path '/'
2025-11-04T13:29:07.327+05:30  INFO 20676 --- [Learning_Management_System] [restartedMain] .L.L.LearningManagementSystemApplication : Started LearningManagementSystemApplication in 10.572 seconds (process running for 11.542)
2025-11-04T13:33:49.697+05:30  INFO 20676 --- [Learning_Management_System] [SpringApplicationShutdownHook] o.s.b.w.e.tomcat.GracefulShutdown        : Commencing graceful shutdown. Waiting for active requests to complete
2025-11-04T13:33:49.706+05:30  INFO 20676 --- [Learning_Management_System] [tomcat-shutdown] o.s.b.w.e.tomcat.GracefulShutdown        : Graceful shutdown complete
2025-11-04T13:33:49.716+05:30  INFO 20676 --- [Learning_Management_System] [SpringApplicationShutdownHook] j.LocalContainerEntityManagerFactoryBean : Closing JPA EntityManagerFactory for persistence unit 'default'
2025-11-04T13:33:49.723+05:30  INFO 20676 --- [Learning_Management_System] [SpringApplicationShutdownHook] com.zaxxer.hikari.HikariDataSource       : HikariPool-1 - Shutdown initiated...
2025-11-04T13:33:49.734+05:30  INFO 20676 --- [Learning_Management_System] [SpringApplicationShutdownHook] com.zaxxer.hikari.HikariDataSource       : HikariPool-1 - Shutdown completed.
2025-11-04T14:46:14.664+05:30  INFO 17116 --- [Learning_Management_System] [restartedMain] .c.L.LearningManagementSystemApplication : Starting LearningManagementSystemApplication using Java 23.0.1 with PID 17116 (E:\Learning_Management_System-main\Learning_Management_System-main\target\classes started by Dell in E:\Learning_Management_System-main\Learning_Management_System-main)
2025-11-04T14:46:14.667+05:30  INFO 17116 --- [Learning_Management_System] [restartedMain] .c.L.LearningManagementSystemApplication : No active profile set, falling back to 1 default profile: "default"
2025-11-04T14:46:14.753+05:30  INFO 17116 --- [Learning_Management_System] [restartedMain] .e.DevToolsPropertyDefaultsPostProcessor : Devtools property defaults active! Set 'spring.devtools.add-properties' to 'false' to disable
2025-11-04T14:46:14.754+05:30  INFO 17116 --- [Learning_Management_System] [restartedMain] .e.DevToolsPropertyDefaultsPostProcessor : For additional web related logging consider setting the 'logging.level.web' property to 'DEBUG'
2025-11-04T14:46:16.965+05:30  INFO 17116 --- [Learning_Management_System] [restartedMain] .s.d.r.c.RepositoryConfigurationDelegate : Bootstrapping Spring Data JPA repositories in DEFAULT mode.
2025-11-04T14:46:17.111+05:30  INFO 17116 --- [Learning_Management_System] [restartedMain] .s.d.r.c.RepositoryConfigurationDelegate : Finished Spring Data repository scanning in 134 ms. Found 17 JPA repository interfaces.
2025-11-04T14:46:17.897+05:30  INFO 17116 --- [Learning_Management_System] [restartedMain] o.s.b.w.embedded.tomcat.TomcatWebServer  : Tomcat initialized with port 8484 (http)
2025-11-04T14:46:17.917+05:30  INFO 17116 --- [Learning_Management_System] [restartedMain] o.apache.catalina.core.StandardService   : Starting service [Tomcat]
2025-11-04T14:46:17.918+05:30  INFO 17116 --- [Learning_Management_System] [restartedMain] o.apache.catalina.core.StandardEngine    : Starting Servlet engine: [Apache Tomcat/10.1.48]
2025-11-04T14:46:17.995+05:30  INFO 17116 --- [Learning_Management_System] [restartedMain] o.a.c.c.C.[Tomcat].[localhost].[/]       : Initializing Spring embedded WebApplicationContext
2025-11-04T14:46:17.996+05:30  INFO 17116 --- [Learning_Management_System] [restartedMain] w.s.c.ServletWebServerApplicationContext : Root WebApplicationContext: initialization completed in 3241 ms
2025-11-04T14:46:18.264+05:30  INFO 17116 --- [Learning_Management_System] [restartedMain] o.hibernate.jpa.internal.util.LogHelper  : HHH000204: Processing PersistenceUnitInfo [name: default]
2025-11-04T14:46:18.321+05:30  INFO 17116 --- [Learning_Management_System] [restartedMain] org.hibernate.Version                    : HHH000412: Hibernate ORM core version 6.6.33.Final
2025-11-04T14:46:18.359+05:30  INFO 17116 --- [Learning_Management_System] [restartedMain] o.h.c.internal.RegionFactoryInitiator    : HHH000026: Second-level cache disabled
2025-11-04T14:46:18.673+05:30  INFO 17116 --- [Learning_Management_System] [restartedMain] o.s.o.j.p.SpringPersistenceUnitInfo      : No LoadTimeWeaver setup: ignoring JPA class transformer
2025-11-04T14:46:18.702+05:30  INFO 17116 --- [Learning_Management_System] [restartedMain] com.zaxxer.hikari.HikariDataSource       : HikariPool-1 - Starting...
2025-11-04T14:46:18.894+05:30  INFO 17116 --- [Learning_Management_System] [restartedMain] com.zaxxer.hikari.pool.HikariPool        : HikariPool-1 - Added connection com.mysql.cj.jdbc.ConnectionImpl@415b2d7a
2025-11-04T14:46:18.896+05:30  INFO 17116 --- [Learning_Management_System] [restartedMain] com.zaxxer.hikari.HikariDataSource       : HikariPool-1 - Start completed.
2025-11-04T14:46:18.954+05:30  WARN 17116 --- [Learning_Management_System] [restartedMain] org.hibernate.orm.deprecation            : HHH90000025: MySQLDialect does not need to be specified explicitly using 'hibernate.dialect' (remove the property setting and it will be selected by default)
2025-11-04T14:46:18.977+05:30  INFO 17116 --- [Learning_Management_System] [restartedMain] org.hibernate.orm.connections.pooling    : HHH10001005: Database info:
	Database JDBC URL [Connecting through datasource 'HikariDataSource (HikariPool-1)']
	Database driver: undefined/unknown
	Database version: 8.0.40
	Autocommit mode: undefined/unknown
	Isolation level: undefined/unknown
	Minimum pool size: undefined/unknown
	Maximum pool size: undefined/unknown
2025-11-04T14:46:20.311+05:30  INFO 17116 --- [Learning_Management_System] [restartedMain] o.h.e.t.j.p.i.JtaPlatformInitiator       : HHH000489: No JTA platform available (set 'hibernate.transaction.jta.platform' to enable JTA platform integration)
2025-11-04T14:46:20.488+05:30  INFO 17116 --- [Learning_Management_System] [restartedMain] j.LocalContainerEntityManagerFactoryBean : Initialized JPA EntityManagerFactory for persistence unit 'default'
2025-11-04T14:46:20.871+05:30  INFO 17116 --- [Learning_Management_System] [restartedMain] o.s.d.j.r.query.QueryEnhancerFactory     : Hibernate is in classpath; If applicable, HQL parser will be used.
2025-11-04T14:46:21.672+05:30  INFO 17116 --- [Learning_Management_System] [restartedMain] c.c.L.controller.AssignmentController    : AssignmentController initialized successfully.
2025-11-04T14:46:21.711+05:30  INFO 17116 --- [Learning_Management_System] [restartedMain] c.c.L.service.impl.UsersServiceImpl      : UsersServiceImpl initialized successfully
2025-11-04T14:46:21.712+05:30  INFO 17116 --- [Learning_Management_System] [restartedMain] c.c.L.controller.AuthController          : AuthController initialized successfully.
2025-11-04T14:46:21.720+05:30  INFO 17116 --- [Learning_Management_System] [restartedMain] c.c.L.s.impl.EnrollmentServiceImpl       : EnrollmentServiceImpl initialized successfully.
2025-11-04T14:46:21.722+05:30  INFO 17116 --- [Learning_Management_System] [restartedMain] c.c.L.service.impl.CourseServiceImpl     : CourseServiceImpl initialized successfully
2025-11-04T14:46:21.723+05:30  INFO 17116 --- [Learning_Management_System] [restartedMain] c.c.L.controller.CourseController        : CourseController initialized successfully.
2025-11-04T14:46:21.726+05:30  INFO 17116 --- [Learning_Management_System] [restartedMain] c.c.L.controller.EnrollmentController    : ✅ EnrollmentController initialized successfully.
2025-11-04T14:46:21.729+05:30  INFO 17116 --- [Learning_Management_System] [restartedMain] c.c.L.s.impl.InstructorServiceImpl       : InstructorServiceImpl initialized successfully.
2025-11-04T14:46:21.730+05:30  INFO 17116 --- [Learning_Management_System] [restartedMain] c.c.L.controller.InstructorController    : InstructorController initialized
2025-11-04T14:46:21.761+05:30  INFO 17116 --- [Learning_Management_System] [restartedMain] c.c.L.controller.LessonController        : LessonController initialized successfully
2025-11-04T14:46:22.105+05:30  INFO 17116 --- [Learning_Management_System] [restartedMain] c.c.L.service.impl.StudentServiceImpl    : StudentServiceImpl initialized successfully.
2025-11-04T14:46:22.107+05:30  INFO 17116 --- [Learning_Management_System] [restartedMain] c.c.L.s.i.CustomUserDetailsServiceImpl   : CustomUserDetailsServiceImpl initialized successfully.
2025-11-04T14:46:22.108+05:30  INFO 17116 --- [Learning_Management_System] [restartedMain] c.c.L.service.impl.UsersTypeServiceImpl  : UsersTypeServiceImpl initialized successfully
2025-11-04T14:46:22.266+05:30  WARN 17116 --- [Learning_Management_System] [restartedMain] JpaBaseConfiguration$JpaWebConfiguration : spring.jpa.open-in-view is enabled by default. Therefore, database queries may be performed during view rendering. Explicitly configure spring.jpa.open-in-view to disable this warning
2025-11-04T14:46:22.514+05:30  INFO 17116 --- [Learning_Management_System] [restartedMain] r$InitializeUserDetailsManagerConfigurer : Global AuthenticationManager configured with UserDetailsService bean with name inMemoryUserDetailsManager
2025-11-04T14:46:23.029+05:30  INFO 17116 --- [Learning_Management_System] [restartedMain] o.s.b.d.a.OptionalLiveReloadServer       : LiveReload server is running on port 35729
2025-11-04T14:46:23.067+05:30  INFO 17116 --- [Learning_Management_System] [restartedMain] o.s.b.w.embedded.tomcat.TomcatWebServer  : Tomcat started on port 8484 (http) with context path '/'
2025-11-04T14:46:23.079+05:30  INFO 17116 --- [Learning_Management_System] [restartedMain] .c.L.LearningManagementSystemApplication : Started LearningManagementSystemApplication in 9.057 seconds (process running for 9.661)
2025-11-04T14:48:36.180+05:30  INFO 17116 --- [Learning_Management_System] [http-nio-8484-exec-1] o.a.c.c.C.[Tomcat].[localhost].[/]       : Initializing Spring DispatcherServlet 'dispatcherServlet'
2025-11-04T14:48:36.181+05:30  INFO 17116 --- [Learning_Management_System] [http-nio-8484-exec-1] o.s.web.servlet.DispatcherServlet        : Initializing Servlet 'dispatcherServlet'
2025-11-04T14:48:36.183+05:30  INFO 17116 --- [Learning_Management_System] [http-nio-8484-exec-1] o.s.web.servlet.DispatcherServlet        : Completed initialization in 2 ms
2025-11-04T14:48:37.718+05:30  INFO 17116 --- [Learning_Management_System] [http-nio-8484-exec-7] o.springdoc.api.AbstractOpenApiResource  : Init duration for springdoc-openapi is: 1036 ms
2025-11-04T14:57:26.275+05:30  INFO 17116 --- [Learning_Management_System] [SpringApplicationShutdownHook] o.s.b.w.e.tomcat.GracefulShutdown        : Commencing graceful shutdown. Waiting for active requests to complete
2025-11-04T14:57:26.287+05:30  INFO 17116 --- [Learning_Management_System] [tomcat-shutdown] o.s.b.w.e.tomcat.GracefulShutdown        : Graceful shutdown complete
2025-11-04T14:57:26.295+05:30  INFO 17116 --- [Learning_Management_System] [SpringApplicationShutdownHook] j.LocalContainerEntityManagerFactoryBean : Closing JPA EntityManagerFactory for persistence unit 'default'
2025-11-04T14:57:26.301+05:30  INFO 17116 --- [Learning_Management_System] [SpringApplicationShutdownHook] com.zaxxer.hikari.HikariDataSource       : HikariPool-1 - Shutdown initiated...
2025-11-04T14:57:26.308+05:30  INFO 17116 --- [Learning_Management_System] [SpringApplicationShutdownHook] com.zaxxer.hikari.HikariDataSource       : HikariPool-1 - Shutdown completed.
